/home/cheng/DC_motor/install/dc_motor/lib/python3.10/site-packages/dc_motor/motion_control.py
/home/cheng/DC_motor/install/dc_motor/lib/python3.10/site-packages/dc_motor/dc_control_node_test.py
/home/cheng/DC_motor/install/dc_motor/lib/python3.10/site-packages/dc_motor/dc_control_node.py
/home/cheng/DC_motor/install/dc_motor/lib/python3.10/site-packages/dc_motor/dc_control_node_backup.py
/home/cheng/DC_motor/install/dc_motor/lib/python3.10/site-packages/dc_motor/__init__.py
/home/cheng/DC_motor/install/dc_motor/lib/python3.10/site-packages/dc_motor/__pycache__/motion_control.cpython-310.pyc
/home/cheng/DC_motor/install/dc_motor/lib/python3.10/site-packages/dc_motor/__pycache__/dc_control_node_test.cpython-310.pyc
/home/cheng/DC_motor/install/dc_motor/lib/python3.10/site-packages/dc_motor/__pycache__/dc_control_node.cpython-310.pyc
/home/cheng/DC_motor/install/dc_motor/lib/python3.10/site-packages/dc_motor/__pycache__/dc_control_node_backup.cpython-310.pyc
/home/cheng/DC_motor/install/dc_motor/lib/python3.10/site-packages/dc_motor/__pycache__/__init__.cpython-310.pyc
/home/cheng/DC_motor/install/dc_motor/share/ament_index/resource_index/packages/dc_motor
/home/cheng/DC_motor/install/dc_motor/share/dc_motor/package.xml
/home/cheng/DC_motor/install/dc_motor/lib/python3.10/site-packages/dc_motor-0.0.0-py3.10.egg-info/requires.txt
/home/cheng/DC_motor/install/dc_motor/lib/python3.10/site-packages/dc_motor-0.0.0-py3.10.egg-info/zip-safe
/home/cheng/DC_motor/install/dc_motor/lib/python3.10/site-packages/dc_motor-0.0.0-py3.10.egg-info/SOURCES.txt
/home/cheng/DC_motor/install/dc_motor/lib/python3.10/site-packages/dc_motor-0.0.0-py3.10.egg-info/PKG-INFO
/home/cheng/DC_motor/install/dc_motor/lib/python3.10/site-packages/dc_motor-0.0.0-py3.10.egg-info/dependency_links.txt
/home/cheng/DC_motor/install/dc_motor/lib/python3.10/site-packages/dc_motor-0.0.0-py3.10.egg-info/top_level.txt
/home/cheng/DC_motor/install/dc_motor/lib/python3.10/site-packages/dc_motor-0.0.0-py3.10.egg-info/entry_points.txt
/home/cheng/DC_motor/install/dc_motor/lib/dc_motor/dc_motor_node
