[0.436s] Invoking command in '/home/cheng/DC_motor/src/dc_motor': PYTHONPATH=/home/cheng/DC_motor/build/dc_motor/prefix_override:/usr/lib/python3/dist-packages/colcon_core/task/python/colcon_distutils_commands:/home/cheng/DC_motor/install/dc_motor/lib/python3.10/site-packages:${PYTHONPATH} /usr/bin/python3 -W ignore:setup.py install is deprecated setup.py egg_info --egg-base ../../build/dc_motor build --build-base /home/cheng/DC_motor/build/dc_motor/build install --record /home/cheng/DC_motor/build/dc_motor/install.log --single-version-externally-managed install_data
[0.579s] running egg_info
[0.580s] writing ../../build/dc_motor/dc_motor.egg-info/PKG-INFO
[0.580s] writing dependency_links to ../../build/dc_motor/dc_motor.egg-info/dependency_links.txt
[0.580s] writing entry points to ../../build/dc_motor/dc_motor.egg-info/entry_points.txt
[0.580s] writing requirements to ../../build/dc_motor/dc_motor.egg-info/requires.txt
[0.580s] writing top-level names to ../../build/dc_motor/dc_motor.egg-info/top_level.txt
[0.581s] reading manifest file '../../build/dc_motor/dc_motor.egg-info/SOURCES.txt'
[0.581s] writing manifest file '../../build/dc_motor/dc_motor.egg-info/SOURCES.txt'
[0.581s] running build
[0.581s] running build_py
[0.581s] copying dc_motor/dc_control_node.py -> /home/cheng/DC_motor/build/dc_motor/build/lib/dc_motor
[0.581s] copying dc_motor/dc_control_node_backup.py -> /home/cheng/DC_motor/build/dc_motor/build/lib/dc_motor
[0.582s] running install
[0.582s] running install_lib
[0.582s] copying /home/cheng/DC_motor/build/dc_motor/build/lib/dc_motor/dc_control_node.py -> /home/cheng/DC_motor/install/dc_motor/lib/python3.10/site-packages/dc_motor
[0.582s] copying /home/cheng/DC_motor/build/dc_motor/build/lib/dc_motor/dc_control_node_backup.py -> /home/cheng/DC_motor/install/dc_motor/lib/python3.10/site-packages/dc_motor
[0.583s] byte-compiling /home/cheng/DC_motor/install/dc_motor/lib/python3.10/site-packages/dc_motor/dc_control_node.py to dc_control_node.cpython-310.pyc
[0.583s] byte-compiling /home/cheng/DC_motor/install/dc_motor/lib/python3.10/site-packages/dc_motor/dc_control_node_backup.py to dc_control_node_backup.cpython-310.pyc
[0.584s] running install_data
[0.584s] running install_egg_info
[0.585s] removing '/home/cheng/DC_motor/install/dc_motor/lib/python3.10/site-packages/dc_motor-0.0.0-py3.10.egg-info' (and everything under it)
[0.585s] Copying ../../build/dc_motor/dc_motor.egg-info to /home/cheng/DC_motor/install/dc_motor/lib/python3.10/site-packages/dc_motor-0.0.0-py3.10.egg-info
[0.585s] running install_scripts
[0.598s] Installing dc_motor_node script to /home/cheng/DC_motor/install/dc_motor/lib/dc_motor
[0.598s] writing list of installed files to '/home/cheng/DC_motor/build/dc_motor/install.log'
[0.612s] Invoked command in '/home/cheng/DC_motor/src/dc_motor' returned '0': PYTHONPATH=/home/cheng/DC_motor/build/dc_motor/prefix_override:/usr/lib/python3/dist-packages/colcon_core/task/python/colcon_distutils_commands:/home/cheng/DC_motor/install/dc_motor/lib/python3.10/site-packages:${PYTHONPATH} /usr/bin/python3 -W ignore:setup.py install is deprecated setup.py egg_info --egg-base ../../build/dc_motor build --build-base /home/cheng/DC_motor/build/dc_motor/build install --record /home/cheng/DC_motor/build/dc_motor/install.log --single-version-externally-managed install_data
