[0.387s] Invoking command in '/home/cheng/DC_motor/src/dc_motor': PYTHONPATH=/home/cheng/DC_motor/build/dc_motor/prefix_override:/usr/lib/python3/dist-packages/colcon_core/task/python/colcon_distutils_commands:/home/cheng/DC_motor/install/dc_motor/lib/python3.10/site-packages:${PYTHONPATH} /usr/bin/python3 -W ignore:setup.py install is deprecated -W ignore:easy_install command is deprecated setup.py egg_info --egg-base ../../build/dc_motor build --build-base /home/cheng/DC_motor/build/dc_motor/build install --record /home/cheng/DC_motor/build/dc_motor/install.log --single-version-externally-managed install_data
[0.537s] running egg_info
[0.538s] writing ../../build/dc_motor/dc_motor.egg-info/PKG-INFO
[0.538s] writing dependency_links to ../../build/dc_motor/dc_motor.egg-info/dependency_links.txt
[0.538s] writing entry points to ../../build/dc_motor/dc_motor.egg-info/entry_points.txt
[0.538s] writing requirements to ../../build/dc_motor/dc_motor.egg-info/requires.txt
[0.538s] writing top-level names to ../../build/dc_motor/dc_motor.egg-info/top_level.txt
[0.539s] reading manifest file '../../build/dc_motor/dc_motor.egg-info/SOURCES.txt'
[0.539s] writing manifest file '../../build/dc_motor/dc_motor.egg-info/SOURCES.txt'
[0.539s] running build
[0.539s] running build_py
[0.539s] copying dc_motor/state_control.py -> /home/cheng/DC_motor/build/dc_motor/build/lib/dc_motor
[0.540s] running install
[0.540s] running install_lib
[0.540s] copying /home/cheng/DC_motor/build/dc_motor/build/lib/dc_motor/state_control.py -> /home/cheng/DC_motor/install/dc_motor/lib/python3.10/site-packages/dc_motor
[0.541s] byte-compiling /home/cheng/DC_motor/install/dc_motor/lib/python3.10/site-packages/dc_motor/state_control.py to state_control.cpython-310.pyc
[0.541s] running install_data
[0.541s] running install_egg_info
[0.543s] removing '/home/cheng/DC_motor/install/dc_motor/lib/python3.10/site-packages/dc_motor-0.0.0-py3.10.egg-info' (and everything under it)
[0.543s] Copying ../../build/dc_motor/dc_motor.egg-info to /home/cheng/DC_motor/install/dc_motor/lib/python3.10/site-packages/dc_motor-0.0.0-py3.10.egg-info
[0.543s] running install_scripts
[0.556s] Installing dc_motor_node script to /home/cheng/DC_motor/install/dc_motor/lib/dc_motor
[0.556s] writing list of installed files to '/home/cheng/DC_motor/build/dc_motor/install.log'
[0.570s] Invoked command in '/home/cheng/DC_motor/src/dc_motor' returned '0': PYTHONPATH=/home/cheng/DC_motor/build/dc_motor/prefix_override:/usr/lib/python3/dist-packages/colcon_core/task/python/colcon_distutils_commands:/home/cheng/DC_motor/install/dc_motor/lib/python3.10/site-packages:${PYTHONPATH} /usr/bin/python3 -W ignore:setup.py install is deprecated -W ignore:easy_install command is deprecated setup.py egg_info --egg-base ../../build/dc_motor build --build-base /home/cheng/DC_motor/build/dc_motor/build install --record /home/cheng/DC_motor/build/dc_motor/install.log --single-version-externally-managed install_data
