running egg_info
creating ../../build/dc_motor/dc_motor.egg-info
writing ../../build/dc_motor/dc_motor.egg-info/PKG-INFO
writing dependency_links to ../../build/dc_motor/dc_motor.egg-info/dependency_links.txt
writing entry points to ../../build/dc_motor/dc_motor.egg-info/entry_points.txt
writing requirements to ../../build/dc_motor/dc_motor.egg-info/requires.txt
writing top-level names to ../../build/dc_motor/dc_motor.egg-info/top_level.txt
writing manifest file '../../build/dc_motor/dc_motor.egg-info/SOURCES.txt'
reading manifest file '../../build/dc_motor/dc_motor.egg-info/SOURCES.txt'
writing manifest file '../../build/dc_motor/dc_motor.egg-info/SOURCES.txt'
running build
running build_py
creating /home/cheng/DC_motor/build/dc_motor/build
creating /home/cheng/DC_motor/build/dc_motor/build/lib
creating /home/cheng/DC_motor/build/dc_motor/build/lib/dc_motor
copying dc_motor/dc_control_node.py -> /home/cheng/DC_motor/build/dc_motor/build/lib/dc_motor
copying dc_motor/__init__.py -> /home/cheng/DC_motor/build/dc_motor/build/lib/dc_motor
running install
running install_lib
creating /home/cheng/DC_motor/install/dc_motor/lib/python3.10/site-packages/dc_motor
copying /home/cheng/DC_motor/build/dc_motor/build/lib/dc_motor/dc_control_node.py -> /home/cheng/DC_motor/install/dc_motor/lib/python3.10/site-packages/dc_motor
copying /home/cheng/DC_motor/build/dc_motor/build/lib/dc_motor/__init__.py -> /home/cheng/DC_motor/install/dc_motor/lib/python3.10/site-packages/dc_motor
byte-compiling /home/cheng/DC_motor/install/dc_motor/lib/python3.10/site-packages/dc_motor/dc_control_node.py to dc_control_node.cpython-310.pyc
byte-compiling /home/cheng/DC_motor/install/dc_motor/lib/python3.10/site-packages/dc_motor/__init__.py to __init__.cpython-310.pyc
running install_data
creating /home/cheng/DC_motor/install/dc_motor/share/ament_index
creating /home/cheng/DC_motor/install/dc_motor/share/ament_index/resource_index
creating /home/cheng/DC_motor/install/dc_motor/share/ament_index/resource_index/packages
copying resource/dc_motor -> /home/cheng/DC_motor/install/dc_motor/share/ament_index/resource_index/packages
copying package.xml -> /home/cheng/DC_motor/install/dc_motor/share/dc_motor
running install_egg_info
Copying ../../build/dc_motor/dc_motor.egg-info to /home/cheng/DC_motor/install/dc_motor/lib/python3.10/site-packages/dc_motor-0.0.0-py3.10.egg-info
running install_scripts
writing list of installed files to '/home/cheng/DC_motor/build/dc_motor/install.log'
